<?xml version="1.0" encoding="UTF-8"?>
<!-- Generated by org.testng.reporters.JUnitReportReporter -->
<testsuite hostname="DESKTOP-3475FJC" failures="0" tests="2" name="com.SauceDemo.Test.TC01_VerifyLoginFunctionality" time="11.020" errors="0" timestamp="2023-01-04T15:22:46 IST" skipped="0">
  <testcase classname="com.SauceDemo.Test.TC01_VerifyLoginFunctionality" name="verifyLoginFunctionality" time="6.306"/>
  <system-out/>
  <testcase classname="com.SauceDemo.Test.TC01_VerifyLoginFunctionality" name="verifyLoginFunctionality" time="4.714"/>
  <system-out/>
</testsuite> <!-- com.SauceDemo.Test.TC01_VerifyLoginFunctionality -->
